=== RAG Document Ingestion Pipeline ===

Loading documents from C:\capstone\SafeSpaceAI\SafeSpaceAI\dataIngestion\docs...

Document 1:
  Source: C:\capstone\SafeSpaceAI\SafeSpaceAI\dataIngestion\docs\Cognitive behavioral therapy.txt
  Content length: 9881 characters
  Content preview: Cognitive behavioral therapy (CBT)
Last Update: August 21, 2025; Next update: 2028.
Cognitive behavi...
  metadata: {'source': 'C:\\capstone\\SafeSpaceAI\\SafeSpaceAI\\dataIngestion\\docs\\Cognitive behavioral therapy.txt'}

Document 2:
  Source: C:\capstone\SafeSpaceAI\SafeSpaceAI\dataIngestion\docs\therapists_guide_to_brief_cbtmanual.txt
  Content length: 304292 characters
  Content preview: A PROVIDER’S GUIDE TO

BRIEF COGNITIVE
BEHAVIORAL THERAPY

Jeffrey A. Cully, Ph.D.
Darius B. Dawson,...
  metadata: {'source': 'C:\\capstone\\SafeSpaceAI\\SafeSpaceAI\\dataIngestion\\docs\\therapists_guide_to_brief_cbtmanual.txt'}
Splitting documents into chunks...
Created a chunk of size 2122, which is longer than the specified 1000
Created a chunk of size 2664, which is longer than the specified 1000
Created a chunk of size 1896, which is longer than the specified 1000
Created a chunk of size 1013, which is longer than the specified 1000
Created a chunk of size 1194, which is longer than the specified 1000
Created a chunk of size 1469, which is longer than the specified 1000
Created a chunk of size 1384, which is longer than the specified 1000
Created a chunk of size 2185, which is longer than the specified 1000
Created a chunk of size 1073, which is longer than the specified 1000
Created a chunk of size 1274, which is longer than the specified 1000
Created a chunk of size 1442, which is longer than the specified 1000
Created a chunk of size 2489, which is longer than the specified 1000
Created a chunk of size 2792, which is longer than the specified 1000
Created a chunk of size 1166, which is longer than the specified 1000
Created a chunk of size 2069, which is longer than the specified 1000
Created a chunk of size 1357, which is longer than the specified 1000
Created a chunk of size 1126, which is longer than the specified 1000
Created a chunk of size 1968, which is longer than the specified 1000
Created a chunk of size 1625, which is longer than the specified 1000
Created a chunk of size 2666, which is longer than the specified 1000
Created a chunk of size 2452, which is longer than the specified 1000
Created a chunk of size 2057, which is longer than the specified 1000
Created a chunk of size 1185, which is longer than the specified 1000
Created a chunk of size 1163, which is longer than the specified 1000
Created a chunk of size 3084, which is longer than the specified 1000
Created a chunk of size 1246, which is longer than the specified 1000
Created a chunk of size 2035, which is longer than the specified 1000
Created a chunk of size 1057, which is longer than the specified 1000
Created a chunk of size 1029, which is longer than the specified 1000
Created a chunk of size 1003, which is longer than the specified 1000
Created a chunk of size 2217, which is longer than the specified 1000
Created a chunk of size 1281, which is longer than the specified 1000
Created a chunk of size 2860, which is longer than the specified 1000
Created a chunk of size 2404, which is longer than the specified 1000
Created a chunk of size 1237, which is longer than the specified 1000
Created a chunk of size 1057, which is longer than the specified 1000
Created a chunk of size 1723, which is longer than the specified 1000
Created a chunk of size 1095, which is longer than the specified 1000
Created a chunk of size 3281, which is longer than the specified 1000
Created a chunk of size 1286, which is longer than the specified 1000
Created a chunk of size 2346, which is longer than the specified 1000
Created a chunk of size 2224, which is longer than the specified 1000
Created a chunk of size 2431, which is longer than the specified 1000
Created a chunk of size 3043, which is longer than the specified 1000
Created a chunk of size 1310, which is longer than the specified 1000
Created a chunk of size 1463, which is longer than the specified 1000
Created a chunk of size 2198, which is longer than the specified 1000
Created a chunk of size 1187, which is longer than the specified 1000
Created a chunk of size 1063, which is longer than the specified 1000
Created a chunk of size 2834, which is longer than the specified 1000
Created a chunk of size 2902, which is longer than the specified 1000
Created a chunk of size 2900, which is longer than the specified 1000
Created a chunk of size 1027, which is longer than the specified 1000
Created a chunk of size 1222, which is longer than the specified 1000
Created a chunk of size 1669, which is longer than the specified 1000
Created a chunk of size 1009, which is longer than the specified 1000
Created a chunk of size 1972, which is longer than the specified 1000
Created a chunk of size 2520, which is longer than the specified 1000
Created a chunk of size 1308, which is longer than the specified 1000
Created a chunk of size 2113, which is longer than the specified 1000
Created a chunk of size 1227, which is longer than the specified 1000
Created a chunk of size 2316, which is longer than the specified 1000
Created a chunk of size 1072, which is longer than the specified 1000
Created a chunk of size 2541, which is longer than the specified 1000
Created a chunk of size 1090, which is longer than the specified 1000
Created a chunk of size 1511, which is longer than the specified 1000
Created a chunk of size 2552, which is longer than the specified 1000
Created a chunk of size 1321, which is longer than the specified 1000
Created a chunk of size 2217, which is longer than the specified 1000
Created a chunk of size 2063, which is longer than the specified 1000
Created a chunk of size 1545, which is longer than the specified 1000
Created a chunk of size 1325, which is longer than the specified 1000
Created a chunk of size 1769, which is longer than the specified 1000
Created a chunk of size 3303, which is longer than the specified 1000
Created a chunk of size 1371, which is longer than the specified 1000
Created a chunk of size 2984, which is longer than the specified 1000
Created a chunk of size 2015, which is longer than the specified 1000
Created a chunk of size 2205, which is longer than the specified 1000
Created a chunk of size 1140, which is longer than the specified 1000
Created a chunk of size 1186, which is longer than the specified 1000
Created a chunk of size 1093, which is longer than the specified 1000
Created a chunk of size 1038, which is longer than the specified 1000
Created a chunk of size 2676, which is longer than the specified 1000
Created a chunk of size 1102, which is longer than the specified 1000
Created a chunk of size 2859, which is longer than the specified 1000
Created a chunk of size 2316, which is longer than the specified 1000
Created a chunk of size 2368, which is longer than the specified 1000
Created a chunk of size 1491, which is longer than the specified 1000
Created a chunk of size 2694, which is longer than the specified 1000
Created a chunk of size 2302, which is longer than the specified 1000
Created a chunk of size 2777, which is longer than the specified 1000
Created a chunk of size 2455, which is longer than the specified 1000
Created a chunk of size 3307, which is longer than the specified 1000
Created a chunk of size 2736, which is longer than the specified 1000
Created a chunk of size 3123, which is longer than the specified 1000
Created a chunk of size 2249, which is longer than the specified 1000
Created a chunk of size 2355, which is longer than the specified 1000
Created a chunk of size 1378, which is longer than the specified 1000
Created a chunk of size 1332, which is longer than the specified 1000
Created a chunk of size 1990, which is longer than the specified 1000
Created a chunk of size 1885, which is longer than the specified 1000
Created a chunk of size 1978, which is longer than the specified 1000
Created a chunk of size 1011, which is longer than the specified 1000
Created a chunk of size 1455, which is longer than the specified 1000
Created a chunk of size 1404, which is longer than the specified 1000
Created a chunk of size 1579, which is longer than the specified 1000
Created a chunk of size 1734, which is longer than the specified 1000
Created a chunk of size 1950, which is longer than the specified 1000
Created a chunk of size 1344, which is longer than the specified 1000
Created a chunk of size 1821, which is longer than the specified 1000
Created a chunk of size 1265, which is longer than the specified 1000

--- Chunk 1 ---
Source: C:\capstone\SafeSpaceAI\SafeSpaceAI\dataIngestion\docs\Cognitive behavioral therapy.txt
Length: 559 characters
Content:
Cognitive behavioral therapy (CBT)
Last Update: August 21, 2025; Next update: 2028.
Cognitive behavioral therapy (CBT) is one of the most common and best studied forms of
psychotherapy. It is a combination of two therapeutic approaches, known as cognitive
therapy and behavioral therapy.
The exact treatment approaches used will depend on the illness or problem to be treated.
But the basic idea behind the therapy is always the same: What we think, how we behave,
and how other people make us feel are all closely related – and they all affect our
wellbeing.
--------------------------------------------------

--- Chunk 2 ---
Source: C:\capstone\SafeSpaceAI\SafeSpaceAI\dataIngestion\docs\Cognitive behavioral therapy.txt
Length: 761 characters
Content:
Go to:
What is cognitive therapy?
The term cognitive comes from the Latin "cognoscere," meaning "to recognize." Cognitive
therapy is about forming a clear idea of your own thoughts, attitudes and expectations. The
goal is to recognize and change false and distressing beliefs. It is often not only everyday
circumstances or particular situations themselves that cause problems, but the
exaggerated importance that we attach to them, too.
One example of a distressing thought pattern is over-generalization: This involves creating a
universal rule from one bad experience and applying it to similar situations. Another
distressing way of thinking is known as “catastrophizing”: An unsettling event leads you to
start worrying about a much worse looming disaster.
--------------------------------------------------

--- Chunk 3 ---
Source: C:\capstone\SafeSpaceAI\SafeSpaceAI\dataIngestion\docs\Cognitive behavioral therapy.txt
Length: 2121 characters
Content:
Such thought patterns can sometimes develop into self-fulfilling prophecies and can really
make life difficult. If you think that other people don't like you, for instance, then you're
likely to put your guard up when you're around them. As a result, they will be less friendly
towards you too.
Cognitive therapy helps people learn to replace these thought patterns with more realistic
and less harmful thoughts. It also helps people think more clearly and control their own
thoughts better.
Go to:
How does behavioral therapy work?
Behavioral therapy has its origins in “behaviorism.” This theory assumes that human
behavior is learned and can therefore be changed or learned differently. Behavioral therapy
aims to find out whether certain behavioral patterns make your life more difficult or make
problems worse. In the second step, you work on changing those behavioral patterns.
For example, people who have developed depressive thoughts often tend to become
withdrawn and neglect their hobbies or friendships. As a result, they feel even more
unhappy and isolated. Behavioral therapy helps to identify this pattern and find ways to
become more active again.
In anxiety disorders, behavioral therapy often includes learning about things that can help
you feel calmer. For example, you can learn to reduce anxiety by consciously breathing in
and out deeply so that your body and breathing can relax. When doing this you concentrate
on your breathing instead of what is bringing on your anxiety. When doing this, you
concentrate on your breathing instead of the thing that is causing your anxiety.
These kinds of techniques can help you to calm down instead of letting your anxiety
overwhelm you.
Go to:
Which thoughts and behavioral patterns are harmful, and which are not?
Harmful thoughts or behavioral habits can make people feel bad about themselves. An
example: You see somebody you know on the street and say hello, but they don't say hello
back. Your own reaction to that very much depends on how you assess the situation:
Table: Example of harmful and neutral thoughts and behavioral patterns
Reaction Harmful
--------------------------------------------------

--- Chunk 4 ---
Source: C:\capstone\SafeSpaceAI\SafeSpaceAI\dataIngestion\docs\Cognitive behavioral therapy.txt
Length: 517 characters
Content:
Neutral

Thoughts “He ignored me – he doesn’t like me
anymore.”

“He didn't notice me – maybe he's
having a bad day. I should give him
a call and find out how he's doing.”

Feelings Someone who thinks like this feels down,
sad and rejected.

These thoughts don't cause any
negative feelings.

Behavior The consequence of this thought is to
avoid this person in the future, although
the assumption could be completely
wrong.

This thought makes you get back in
touch with the person to find out if
everything is okay.
--------------------------------------------------

--- Chunk 5 ---
Source: C:\capstone\SafeSpaceAI\SafeSpaceAI\dataIngestion\docs\Cognitive behavioral therapy.txt
Length: 849 characters
Content:
Go to:
How is CBT different from other psychological treatments?
Cognitive behavioral therapy (CBT) is problem-oriented. It focuses on working through
specific current problems and finding solutions for them. Unlike psychoanalysis, for
example, it doesn't mainly deal with the past. The most important thing is helping people to
help themselves: They should be able to cope with their lives again without therapy as soon
as possible. This doesn't mean that cognitive behavioral therapy completely ignores the
influence of past events. But it mainly deals with identifying and changing current
distressing thoughts and behavioral patterns.
Analytic psychotherapy, which has its origin in classic Freudian psychoanalysis, uses a
different approach. Here the therapist tries to help the patient discover and understand
problems and their deeper causes.
--------------------------------------------------

... and 283 more chunks
Creating embeddings and storing in ChromaDB...
--- Creating vector store ---
--- Finished creating vector store ---
Vector store created and saved to db/chroma_db
